{
  "RSpec": {
    "coverage": {
      "/app/app/services/job_analytic_service.rb": {
        "lines": [
          1,
          1,
          7,
          null,
          null,
          1,
          5,
          5,
          5,
          5,
          5,
          null,
          null,
          1,
          null,
          1,
          3,
          3,
          null,
          null,
          null,
          null,
          null,
          null,
          null,
          null,
          null,
          3,
          3,
          null,
          null
        ],
        "branches": {
          "[:if, 0, 9, 4, 9, 137]": {
            "[:then, 1, 9, 4, 9, 115]": 4,
            "[:else, 2, 9, 4, 9, 137]": 1
          },
          "[:if, 3, 10, 4, 10, 124]": {
            "[:then, 4, 10, 4, 10, 108]": 1,
            "[:else, 5, 10, 4, 10, 124]": 4
          }
        }
      },
      "/app/app/models/job.rb": {
        "lines": [
          1,
          1,
          1,
          1,
          null
        ],
        "branches": {}
      },
      "/app/app/models/application_record.rb": {
        "lines": [
          1,
          1,
          null
        ],
        "branches": {}
      },
      "/app/app/models/industry.rb": {
        "lines": [
          1,
          1,
          1,
          null
        ],
        "branches": {}
      },
      "/app/app/controllers/api/v1/job_insights_controller.rb": {
        "lines": [
          1,
          1,
          1,
          1,
          null,
          1,
          1,
          1,
          null,
          null,
          1,
          null,
          1,
          1,
          null,
          null,
          null,
          null
        ],
        "branches": {}
      },
      "/app/app/controllers/application_controller.rb": {
        "lines": [
          1,
          null
        ],
        "branches": {}
      },
      "/app/app/models/job_view.rb": {
        "lines": [
          1,
          1,
          null
        ],
        "branches": {}
      }
    },
    "timestamp": 1749973630
  }
}
